<?xml version="1.0" encoding="UTF-8"?>
<testsuite xmlns:xsi="http://www.w3.org/2001/XMLSchema-instance" xsi:noNamespaceSchemaLocation="https://maven.apache.org/surefire/maven-surefire-plugin/xsd/surefire-test-report.xsd" name="Prova_Karate.exer1Runner" time="8.243" tests="5" errors="0" skipped="0" failures="2">
  <properties>
    <property name="java.specification.version" value="18"/>
    <property name="sun.cpu.isalist" value="amd64"/>
    <property name="sun.jnu.encoding" value="Cp1252"/>
    <property name="java.class.path" value="C:\Users\Natacha Calixto\Desktop\Prova_S206\karate\target\test-classes;C:\Users\Natacha Calixto\Desktop\Prova_S206\karate\target\classes;C:\Users\Natacha Calixto\.m2\repository\com\intuit\karate\karate-junit5\1.0.1\karate-junit5-1.0.1.jar;C:\Users\Natacha Calixto\.m2\repository\com\intuit\karate\karate-core\1.0.1\karate-core-1.0.1.jar;C:\Users\Natacha Calixto\.m2\repository\org\graalvm\js\js-scriptengine\21.0.0\js-scriptengine-21.0.0.jar;C:\Users\Natacha Calixto\.m2\repository\org\graalvm\sdk\graal-sdk\21.0.0\graal-sdk-21.0.0.jar;C:\Users\Natacha Calixto\.m2\repository\org\graalvm\js\js\21.0.0\js-21.0.0.jar;C:\Users\Natacha Calixto\.m2\repository\org\graalvm\regex\regex\21.0.0\regex-21.0.0.jar;C:\Users\Natacha Calixto\.m2\repository\org\graalvm\truffle\truffle-api\21.0.0\truffle-api-21.0.0.jar;C:\Users\Natacha Calixto\.m2\repository\com\ibm\icu\icu4j\67.1\icu4j-67.1.jar;C:\Users\Natacha Calixto\.m2\repository\ch\qos\logback\logback-classic\1.2.3\logback-classic-1.2.3.jar;C:\Users\Natacha Calixto\.m2\repository\ch\qos\logback\logback-core\1.2.3\logback-core-1.2.3.jar;C:\Users\Natacha Calixto\.m2\repository\org\slf4j\slf4j-api\1.7.25\slf4j-api-1.7.25.jar;C:\Users\Natacha Calixto\.m2\repository\org\slf4j\jcl-over-slf4j\1.7.25\jcl-over-slf4j-1.7.25.jar;C:\Users\Natacha Calixto\.m2\repository\com\jayway\jsonpath\json-path\2.5.0\json-path-2.5.0.jar;C:\Users\Natacha Calixto\.m2\repository\net\minidev\json-smart\2.3\json-smart-2.3.jar;C:\Users\Natacha Calixto\.m2\repository\net\minidev\accessors-smart\1.2\accessors-smart-1.2.jar;C:\Users\Natacha Calixto\.m2\repository\org\ow2\asm\asm\5.0.4\asm-5.0.4.jar;C:\Users\Natacha Calixto\.m2\repository\info\cukes\cucumber-java\1.2.5\cucumber-java-1.2.5.jar;C:\Users\Natacha Calixto\.m2\repository\info\cukes\cucumber-core\1.2.5\cucumber-core-1.2.5.jar;C:\Users\Natacha Calixto\.m2\repository\org\yaml\snakeyaml\1.27\snakeyaml-1.27.jar;C:\Users\Natacha Calixto\.m2\repository\de\siegmar\fastcsv\1.0.4\fastcsv-1.0.4.jar;C:\Users\Natacha Calixto\.m2\repository\info\picocli\picocli\4.5.2\picocli-4.5.2.jar;C:\Users\Natacha Calixto\.m2\repository\org\junit\jupiter\junit-jupiter-api\5.7.0\junit-jupiter-api-5.7.0.jar;C:\Users\Natacha Calixto\.m2\repository\org\apiguardian\apiguardian-api\1.1.0\apiguardian-api-1.1.0.jar;C:\Users\Natacha Calixto\.m2\repository\org\opentest4j\opentest4j\1.2.0\opentest4j-1.2.0.jar;C:\Users\Natacha Calixto\.m2\repository\org\junit\platform\junit-platform-commons\1.7.0\junit-platform-commons-1.7.0.jar;C:\Users\Natacha Calixto\.m2\repository\org\junit\jupiter\junit-jupiter-engine\5.7.0\junit-jupiter-engine-5.7.0.jar;C:\Users\Natacha Calixto\.m2\repository\org\junit\platform\junit-platform-engine\1.7.0\junit-platform-engine-1.7.0.jar;"/>
    <property name="java.vm.vendor" value="Oracle Corporation"/>
    <property name="sun.arch.data.model" value="64"/>
    <property name="user.variant" value=""/>
    <property name="java.vendor.url" value="https://java.oracle.com/"/>
    <property name="user.timezone" value="America/Sao_Paulo"/>
    <property name="os.name" value="Windows 11"/>
    <property name="java.vm.specification.version" value="18"/>
    <property name="sun.java.launcher" value="SUN_STANDARD"/>
    <property name="user.country" value="BR"/>
    <property name="sun.boot.library.path" value="C:\Program Files\Java\jdk-18.0.2\bin"/>
    <property name="sun.java.command" value="C:\Users\NATACH~1\AppData\Local\Temp\surefire17497779745900311948\surefirebooter6580224975693916290.jar C:\Users\Natacha Calixto\AppData\Local\Temp\surefire17497779745900311948 2023-12-04T23-24-30_933-jvmRun1 surefire797742394503706163tmp surefire_015031022345567682829tmp"/>
    <property name="jdk.debug" value="release"/>
    <property name="test" value="exer1Runner"/>
    <property name="surefire.test.class.path" value="C:\Users\Natacha Calixto\Desktop\Prova_S206\karate\target\test-classes;C:\Users\Natacha Calixto\Desktop\Prova_S206\karate\target\classes;C:\Users\Natacha Calixto\.m2\repository\com\intuit\karate\karate-junit5\1.0.1\karate-junit5-1.0.1.jar;C:\Users\Natacha Calixto\.m2\repository\com\intuit\karate\karate-core\1.0.1\karate-core-1.0.1.jar;C:\Users\Natacha Calixto\.m2\repository\org\graalvm\js\js-scriptengine\21.0.0\js-scriptengine-21.0.0.jar;C:\Users\Natacha Calixto\.m2\repository\org\graalvm\sdk\graal-sdk\21.0.0\graal-sdk-21.0.0.jar;C:\Users\Natacha Calixto\.m2\repository\org\graalvm\js\js\21.0.0\js-21.0.0.jar;C:\Users\Natacha Calixto\.m2\repository\org\graalvm\regex\regex\21.0.0\regex-21.0.0.jar;C:\Users\Natacha Calixto\.m2\repository\org\graalvm\truffle\truffle-api\21.0.0\truffle-api-21.0.0.jar;C:\Users\Natacha Calixto\.m2\repository\com\ibm\icu\icu4j\67.1\icu4j-67.1.jar;C:\Users\Natacha Calixto\.m2\repository\ch\qos\logback\logback-classic\1.2.3\logback-classic-1.2.3.jar;C:\Users\Natacha Calixto\.m2\repository\ch\qos\logback\logback-core\1.2.3\logback-core-1.2.3.jar;C:\Users\Natacha Calixto\.m2\repository\org\slf4j\slf4j-api\1.7.25\slf4j-api-1.7.25.jar;C:\Users\Natacha Calixto\.m2\repository\org\slf4j\jcl-over-slf4j\1.7.25\jcl-over-slf4j-1.7.25.jar;C:\Users\Natacha Calixto\.m2\repository\com\jayway\jsonpath\json-path\2.5.0\json-path-2.5.0.jar;C:\Users\Natacha Calixto\.m2\repository\net\minidev\json-smart\2.3\json-smart-2.3.jar;C:\Users\Natacha Calixto\.m2\repository\net\minidev\accessors-smart\1.2\accessors-smart-1.2.jar;C:\Users\Natacha Calixto\.m2\repository\org\ow2\asm\asm\5.0.4\asm-5.0.4.jar;C:\Users\Natacha Calixto\.m2\repository\info\cukes\cucumber-java\1.2.5\cucumber-java-1.2.5.jar;C:\Users\Natacha Calixto\.m2\repository\info\cukes\cucumber-core\1.2.5\cucumber-core-1.2.5.jar;C:\Users\Natacha Calixto\.m2\repository\org\yaml\snakeyaml\1.27\snakeyaml-1.27.jar;C:\Users\Natacha Calixto\.m2\repository\de\siegmar\fastcsv\1.0.4\fastcsv-1.0.4.jar;C:\Users\Natacha Calixto\.m2\repository\info\picocli\picocli\4.5.2\picocli-4.5.2.jar;C:\Users\Natacha Calixto\.m2\repository\org\junit\jupiter\junit-jupiter-api\5.7.0\junit-jupiter-api-5.7.0.jar;C:\Users\Natacha Calixto\.m2\repository\org\apiguardian\apiguardian-api\1.1.0\apiguardian-api-1.1.0.jar;C:\Users\Natacha Calixto\.m2\repository\org\opentest4j\opentest4j\1.2.0\opentest4j-1.2.0.jar;C:\Users\Natacha Calixto\.m2\repository\org\junit\platform\junit-platform-commons\1.7.0\junit-platform-commons-1.7.0.jar;C:\Users\Natacha Calixto\.m2\repository\org\junit\jupiter\junit-jupiter-engine\5.7.0\junit-jupiter-engine-5.7.0.jar;C:\Users\Natacha Calixto\.m2\repository\org\junit\platform\junit-platform-engine\1.7.0\junit-platform-engine-1.7.0.jar;"/>
    <property name="sun.cpu.endian" value="little"/>
    <property name="user.home" value="C:\Users\Natacha Calixto"/>
    <property name="user.language" value="pt"/>
    <property name="java.specification.vendor" value="Oracle Corporation"/>
    <property name="java.version.date" value="2022-07-19"/>
    <property name="java.home" value="C:\Program Files\Java\jdk-18.0.2"/>
    <property name="file.separator" value="\"/>
    <property name="basedir" value="C:\Users\Natacha Calixto\Desktop\Prova_S206\karate"/>
    <property name="java.vm.compressedOopsMode" value="32-bit"/>
    <property name="line.separator" value="&#10;"/>
    <property name="java.vm.specification.vendor" value="Oracle Corporation"/>
    <property name="java.specification.name" value="Java Platform API Specification"/>
    <property name="surefire.real.class.path" value="C:\Users\NATACH~1\AppData\Local\Temp\surefire17497779745900311948\surefirebooter6580224975693916290.jar"/>
    <property name="user.script" value=""/>
    <property name="sun.management.compiler" value="HotSpot 64-Bit Tiered Compilers"/>
    <property name="java.runtime.version" value="18.0.2+9-61"/>
    <property name="user.name" value="Natacha Calixto"/>
    <property name="path.separator" value=";"/>
    <property name="os.version" value="10.0"/>
    <property name="java.runtime.name" value="Java(TM) SE Runtime Environment"/>
    <property name="file.encoding" value="UTF-8"/>
    <property name="java.vm.name" value="Java HotSpot(TM) 64-Bit Server VM"/>
    <property name="localRepository" value="C:\Users\Natacha Calixto\.m2\repository"/>
    <property name="java.vendor.url.bug" value="https://bugreport.java.com/bugreport/"/>
    <property name="java.io.tmpdir" value="C:\Users\NATACH~1\AppData\Local\Temp\"/>
    <property name="java.version" value="18.0.2"/>
    <property name="user.dir" value="C:\Users\Natacha Calixto\Desktop\Prova_S206\karate"/>
    <property name="os.arch" value="amd64"/>
    <property name="java.vm.specification.name" value="Java Virtual Machine Specification"/>
    <property name="sun.os.patch.level" value=""/>
    <property name="native.encoding" value="Cp1252"/>
    <property name="java.library.path" value="C:\Program Files\Java\jdk-18.0.2\bin;C:\WINDOWS\Sun\Java\bin;C:\WINDOWS\system32;C:\WINDOWS;C:\Program Files\Common Files\Oracle\Java\javapath;C:\WINDOWS\system32;C:\WINDOWS;C:\WINDOWS\System32\Wbem;C:\WINDOWS\System32\WindowsPowerShell\v1.0\;C:\WINDOWS\System32\OpenSSH\;C:\Program Files\nodejs\;C:\Program Files\Git\cmd;C:\Users\Natacha Calixto\AppData\Local\Programs\Python\Python311\Scripts\;C:\Users\Natacha Calixto\AppData\Local\Programs\Python\Python311\;C:\Program Files\MySQL\MySQL Shell 8.0\bin\;C:\Users\Natacha Calixto\AppData\Local\Microsoft\WindowsApps;C:\Users\Natacha Calixto\AppData\Local\JetBrains\Toolbox\scripts;C:\Users\Natacha Calixto\AppData\Local\GitHubDesktop\bin;C:\Users\Natacha Calixto\AppData\Local\Microsoft\WindowsApps;C:\Program Files\JetBrains\PyCharm Community Edition 2022.3.3\bin;;C:\Users\Natacha Calixto\AppData\Local\Programs\Microsoft VS Code\bin;C:\Users\Natacha Calixto\AppData\Roaming\npm;C:\Users\Natacha Calixto\apache-maven-3.9.6\bin;;."/>
    <property name="java.vm.info" value="mixed mode, sharing"/>
    <property name="java.vendor" value="Oracle Corporation"/>
    <property name="java.vm.version" value="18.0.2+9-61"/>
    <property name="sun.io.unicode.encoding" value="UnicodeLittle"/>
    <property name="java.class.version" value="62.0"/>
  </properties>
  <testcase name="test[1][1]" classname="Prova_Karate.exer1Runner" time="2.97">
    <failure message="match failed: EQUALS&#10;  $ | actual path does not exist (STRING:STRING)&#10;  &apos;#notpresent&apos;&#10;  &apos;Novo Usuário&apos;&#10;&#10;classpath:Prova_Karate/exer1.feature:8" type="org.opentest4j.AssertionFailedError">org.opentest4j.AssertionFailedError: 
match failed: EQUALS
  $ | actual path does not exist (STRING:STRING)
  '#notpresent'
  'Novo Usuário'

classpath:Prova_Karate/exer1.feature:8
</failure>
    <system-out><![CDATA[23:24:33.718 [main] DEBUG com.intuit.karate.Suite - [config] classpath:karate-config.js
23:24:35.203 [main] INFO  com.intuit.karate - karate.env system property was: null 
23:24:35.882 [main] DEBUG com.intuit.karate - request:
1 > POST https://gorest.co.in/public-api/users
1 > Content-Type: application/json; charset=UTF-8
1 > Content-Length: 110
1 > Host: gorest.co.in
1 > Connection: Keep-Alive
1 > User-Agent: Apache-HttpClient/4.5.13 (Java/18.0.2)
1 > Accept-Encoding: gzip,deflate
{"data.gender":"male","data.email":"novousuario@teste.com","data.status":"active","data.name":"Novo Usuário"}

23:24:36.670 [main] DEBUG com.intuit.karate - response time in milliseconds: 782
1 < 200
1 < Date: Tue, 05 Dec 2023 02:24:36 GMT
1 < Content-Type: application/json; charset=utf-8
1 < Transfer-Encoding: chunked
1 < Connection: keep-alive
1 < Cache-Control: max-age=0, private, must-revalidate
1 < etag: W/"65ab5ef0fb80a32b1723c5368d8edb14"
1 < referrer-policy: strict-origin-when-cross-origin
1 < vary: Origin
1 < x-content-type-options: nosniff
1 < x-download-options: noopen
1 < x-frame-options: SAMEORIGIN
1 < x-permitted-cross-domain-policies: none
1 < x-request-id: 2c518173-81b7-41d5-82b7-8058d95ef7fa
1 < x-runtime: 0.010586
1 < x-xss-protection: 0
1 < CF-Cache-Status: DYNAMIC
1 < Report-To: {"endpoints":[{"url":"https:\/\/a.nel.cloudflare.com\/report\/v3?s=RBTKLKL6mzNg5a0VhnN%2FzGbJAfl5xmT%2BJxUAciF2HnC5mMT5ZeoGS05uLRNI4k1P6451KBKovNTPYm8G2CPD5Iot0MV6H4w%2FkyTP9leoPSEOjTkjxtUM6yO2kVLRWUs%3D"}],"group":"cf-nel","max_age":604800}
1 < NEL: {"success_fraction":0,"report_to":"cf-nel","max_age":604800}
1 < Server: cloudflare
1 < CF-RAY: 8308d5742e9064af-GIG
1 < alt-svc: h3=":443"; ma=86400
{"code":401,"data":{"message":"Authentication failed"},"meta":null}
23:24:36.733 [main] ERROR com.intuit.karate - classpath:Prova_Karate/exer1.feature:8
And match $.data.name == 'Novo Usuário'
match failed: EQUALS
  $ | actual path does not exist (STRING:STRING)
  '#notpresent'
  'Novo Usuário'

classpath:Prova_Karate/exer1.feature:8
]]></system-out>
  </testcase>
  <testcase name="test[1][2]" classname="Prova_Karate.exer1Runner" time="0.562">
    <failure message="no step-definition method match found for: match response.data.size &gt; 0&#10;classpath:Prova_Karate/exer1.feature:14" type="org.opentest4j.AssertionFailedError">org.opentest4j.AssertionFailedError: 
no step-definition method match found for: match response.data.size > 0
classpath:Prova_Karate/exer1.feature:14
</failure>
    <system-out><![CDATA[23:24:36.785 [main] INFO  com.intuit.karate - karate.env system property was: null 
23:24:36.821 [main] DEBUG com.intuit.karate - request:
1 > GET https://gorest.co.in/public-api/users
1 > Host: gorest.co.in
1 > Connection: Keep-Alive
1 > User-Agent: Apache-HttpClient/4.5.13 (Java/18.0.2)
1 > Accept-Encoding: gzip,deflate


23:24:37.317 [main] DEBUG com.intuit.karate - response time in milliseconds: 493
1 < 200
1 < Date: Tue, 05 Dec 2023 02:24:37 GMT
1 < Content-Type: application/json; charset=utf-8
1 < Transfer-Encoding: chunked
1 < Connection: keep-alive
1 < Cache-Control: max-age=0, private, must-revalidate
1 < etag: W/"3a6251925a17382c1ab8cba29b8b22e7"
1 < referrer-policy: strict-origin-when-cross-origin
1 < vary: Origin
1 < x-content-type-options: nosniff
1 < x-download-options: noopen
1 < x-frame-options: SAMEORIGIN
1 < x-permitted-cross-domain-policies: none
1 < x-request-id: 90c97368-b18e-48fd-bef4-6f16da2dc278
1 < x-runtime: 0.051192
1 < x-xss-protection: 0
1 < CF-Cache-Status: DYNAMIC
1 < Report-To: {"endpoints":[{"url":"https:\/\/a.nel.cloudflare.com\/report\/v3?s=K4V6kBlIst%2F6ublersrR9WlxpDwk7qZGe7e2unjCJnO2JcKuzZVTpHoUBzNWDZQK7jsH%2FCKiFYsRLqLTFEZBlw2lxQqu5ogzGKGFTX5KFAqjeB15asfROkMhaeRSRm8%3D"}],"group":"cf-nel","max_age":604800}
1 < NEL: {"success_fraction":0,"report_to":"cf-nel","max_age":604800}
1 < Server: cloudflare
1 < CF-RAY: 8308d5780b3f2555-GIG
1 < alt-svc: h3=":443"; ma=86400
{"code":200,"data":[{"gender":"male","name":"Karthik Sethi","id":5710543,"email":"karthik_sethi@stroman-rowe.test","status":"active"},{"gender":"female","name":"Bankimchandra Kaur","id":5710540,"email":"bankimchandra_kaur@osinski-greenholt.example","status":"active"},{"gender":"female","name":"Chaturaanan Sharma","id":5710539,"email":"chaturaanan_sharma@mueller.test","status":"active"},{"gender":"male","name":"Kalinda Menon","id":5710538,"email":"kalinda_menon@lynch-veum.test","status":"active"},{"gender":"female","name":"Gaurang Khanna","id":5710537,"email":"gaurang_khanna@nikolaus-donnelly.example","status":"inactive"},{"gender":"female","name":"Anjushree Nayar","id":5710536,"email":"nayar_anjushree@damore.example","status":"active"},{"gender":"female","name":"Akshata Kakkar","id":5710535,"email":"kakkar_akshata@rohan.example","status":"inactive"},{"gender":"female","name":"Rohan Johar CPA","id":5710533,"email":"johar_rohan_cpa@schiller.test","status":"inactive"},{"gender":"female","name":"Krishnadasa Pandey","id":5710532,"email":"pandey_krishnadasa@ledner-carroll.example","status":"inactive"},{"gender":"female","name":"Smriti Sharma II","id":5710531,"email":"smriti_sharma_ii@baumbach.test","status":"inactive"}],"meta":{"pagination":{"total":2668,"pages":267,"limit":10,"page":1}}}
23:24:37.321 [main] ERROR com.intuit.karate - classpath:Prova_Karate/exer1.feature:14
And match response.data.size > 0
no step-definition method match found for: match response.data.size > 0
classpath:Prova_Karate/exer1.feature:14
]]></system-out>
  </testcase>
  <testcase name="test[1][3]" classname="Prova_Karate.exer1Runner" time="0.539"/>
  <testcase name="test[1][4]" classname="Prova_Karate.exer1Runner" time="0.487"/>
  <testcase name="test[1][5]" classname="Prova_Karate.exer1Runner" time="2.563"/>
</testsuite>